d:\c++_client\maplestory_dx11\client2d\binobj\vc142.pdb
d:\c++_client\maplestory_dx11\client2d\binobj\vc142.idb
d:\c++_client\maplestory_dx11\client2d\binobj\tauromacishiteffect.obj
d:\c++_client\maplestory_dx11\client2d\binobj\tauromacis.obj
d:\c++_client\maplestory_dx11\client2d\binobj\skillmanager.obj
d:\c++_client\maplestory_dx11\client2d\binobj\shadowdualblade.obj
d:\c++_client\maplestory_dx11\client2d\binobj\seolhuiui.obj
d:\c++_client\maplestory_dx11\client2d\binobj\potal.obj
d:\c++_client\maplestory_dx11\client2d\binobj\playermanager.obj
d:\c++_client\maplestory_dx11\client2d\binobj\playeranimation2d.obj
d:\c++_client\maplestory_dx11\client2d\binobj\player2d.obj
d:\c++_client\maplestory_dx11\client2d\binobj\phantomblow.obj
d:\c++_client\maplestory_dx11\client2d\binobj\objectmanager.obj
d:\c++_client\maplestory_dx11\client2d\binobj\npcmanager.obj
d:\c++_client\maplestory_dx11\client2d\binobj\monstermanager.obj
d:\c++_client\maplestory_dx11\client2d\binobj\jr_balrog.obj
d:\c++_client\maplestory_dx11\client2d\binobj\damagefont.obj
d:\c++_client\maplestory_dx11\client2d\binobj\crimsonbalrog.obj
d:\c++_client\maplestory_dx11\client2d\binobj\bladefury.obj
d:\c++_client\maplestory_dx11\client2d\binobj\balrog.obj
d:\c++_client\maplestory_dx11\client2d\binobj\main.obj
d:\c++_client\maplestory_dx11\client2d\binobj\clientmanager.obj
d:\c++_client\maplestory_dx11\client2d\binobj\fade.obj
d:\c++_client\maplestory_dx11\client2d\binobj\damagewidget.obj
d:\c++_client\maplestory_dx11\client2d\binobj\talkmanager.obj
d:\c++_client\maplestory_dx11\client2d\binobj\testscene.obj
d:\c++_client\maplestory_dx11\client2d\binobj\startscene.obj
d:\c++_client\maplestory_dx11\client2d\binobj\seolhuiuithread.obj
d:\c++_client\maplestory_dx11\client2d\binobj\seolhuiuibang.obj
d:\c++_client\maplestory_dx11\client2d\binobj\mainscene.obj
d:\c++_client\maplestory_dx11\client2d\binobj\loadingthread.obj
d:\c++_client\maplestory_dx11\client2d\binobj\loadingseolhuiui.obj
d:\c++_client\maplestory_dx11\client2d\binobj\loadingscene.obj
d:\c++_client\maplestory_dx11\client2d\binobj\loadingetotemple.obj
d:\c++_client\maplestory_dx11\client2d\binobj\loadinganotherdoor.obj
d:\c++_client\maplestory_dx11\client2d\binobj\etotemplethread.obj
d:\c++_client\maplestory_dx11\client2d\binobj\entrancetotemple.obj
d:\c++_client\maplestory_dx11\client2d\binobj\anotherdoorthread.obj
d:\c++_client\maplestory_dx11\client2d\binobj\anotherdoor.obj
d:\c++_client\maplestory_dx11\client2d\binobj\tilemap.obj
d:\c++_client\maplestory_dx11\client2d\binobj\testmonster.obj
d:\c++_client\maplestory_dx11\client2d\binobj\taurospear.obj
d:\c++_client\maplestory_dx11\client2d\binobj\testwidget.obj
d:\c++_client\maplestory_dx11\client2d\binobj\talkwidget.obj
d:\c++_client\maplestory_dx11\client2d\binobj\startwidget.obj
d:\c++_client\maplestory_dx11\client2d\binobj\playerstatus.obj
d:\c++_client\maplestory_dx11\client2d\bin\client2d_debug.exe
d:\c++_client\maplestory_dx11\client2d\binobj\client2d_debug.ilk
d:\c++_client\maplestory_dx11\client2d\bin\client2d_debug.pdb
d:\c++_client\maplestory_dx11\client2d\binobj\client2d.res
d:\c++_client\maplestory_dx11\client2d\binobj\client2d.ipdb
d:\c++_client\maplestory_dx11\client2d\binobj\client2d.iobj
d:\c++_client\maplestory_dx11\client2d\binobj\../bin/client2d_debug.pdb
d:\c++_client\maplestory_dx11\client2d\binobj\client2d.tlog\cl.command.1.tlog
d:\c++_client\maplestory_dx11\client2d\binobj\client2d.tlog\cl.read.1.tlog
d:\c++_client\maplestory_dx11\client2d\binobj\client2d.tlog\cl.write.1.tlog
d:\c++_client\maplestory_dx11\client2d\binobj\client2d.tlog\link.command.1.tlog
d:\c++_client\maplestory_dx11\client2d\binobj\client2d.tlog\link.read.1.tlog
d:\c++_client\maplestory_dx11\client2d\binobj\client2d.tlog\link.write.1.tlog
d:\c++_client\maplestory_dx11\client2d\binobj\client2d.tlog\rc.command.1.tlog
d:\c++_client\maplestory_dx11\client2d\binobj\client2d.tlog\rc.read.1.tlog
d:\c++_client\maplestory_dx11\client2d\binobj\client2d.tlog\rc.write.1.tlog
