d:\c++_client\maplestory_dx11\client2d\binobj\vc142.pdb
d:\c++_client\maplestory_dx11\client2d\binobj\vc142.idb
d:\c++_client\maplestory_dx11\client2d\binobj\bodyattack3hit.obj
d:\c++_client\maplestory_dx11\client2d\binobj\bodyattack3areawarning.obj
d:\c++_client\maplestory_dx11\client2d\binobj\bodyattack2hit.obj
d:\c++_client\maplestory_dx11\client2d\binobj\bodyattack2effect.obj
d:\c++_client\maplestory_dx11\client2d\binobj\bodyattack1hit.obj
d:\c++_client\maplestory_dx11\client2d\binobj\bodyattack1areawarning.obj
d:\c++_client\maplestory_dx11\client2d\binobj\bladefury.obj
d:\c++_client\maplestory_dx11\client2d\binobj\balrogright.obj
d:\c++_client\maplestory_dx11\client2d\binobj\balrogleft.obj
d:\c++_client\maplestory_dx11\client2d\binobj\balrog.obj
d:\c++_client\maplestory_dx11\client2d\binobj\sequence.obj
d:\c++_client\maplestory_dx11\client2d\binobj\selector.obj
d:\c++_client\maplestory_dx11\client2d\binobj\node.obj
d:\c++_client\maplestory_dx11\client2d\binobj\compositenode.obj
d:\c++_client\maplestory_dx11\client2d\binobj\checkbalroghanddie.obj
d:\c++_client\maplestory_dx11\client2d\binobj\balrogpasechange.obj
d:\c++_client\maplestory_dx11\client2d\binobj\balrogbt.obj
d:\c++_client\maplestory_dx11\client2d\binobj\main.obj
d:\c++_client\maplestory_dx11\client2d\binobj\clientscenemanager.obj
d:\c++_client\maplestory_dx11\client2d\binobj\clientmanager.obj
d:\c++_client\maplestory_dx11\client2d\binobj\player2d.obj
d:\c++_client\maplestory_dx11\client2d\binobj\phantomblow.obj
d:\c++_client\maplestory_dx11\client2d\binobj\objectmanager.obj
d:\c++_client\maplestory_dx11\client2d\binobj\npcmanager.obj
d:\c++_client\maplestory_dx11\client2d\binobj\monstermanager.obj
d:\c++_client\maplestory_dx11\client2d\binobj\leftattack2hit.obj
d:\c++_client\maplestory_dx11\client2d\binobj\leftattack1hit.obj
d:\c++_client\maplestory_dx11\client2d\binobj\leftattack1areawarning.obj
d:\c++_client\maplestory_dx11\client2d\binobj\jr_balrogattack3hit.obj
d:\c++_client\maplestory_dx11\client2d\binobj\jr_balrogattack3effect.obj
d:\c++_client\maplestory_dx11\client2d\binobj\jr_balrogattack2hit.obj
d:\c++_client\maplestory_dx11\client2d\binobj\jr_balrogattack2effect.obj
d:\c++_client\maplestory_dx11\client2d\binobj\jr_balrogattack2ball.obj
d:\c++_client\maplestory_dx11\client2d\binobj\jr_balrogattack1hit.obj
d:\c++_client\maplestory_dx11\client2d\binobj\jr_balrogattack1effect.obj
d:\c++_client\maplestory_dx11\client2d\binobj\jr_balrog.obj
d:\c++_client\maplestory_dx11\client2d\binobj\honga.obj
d:\c++_client\maplestory_dx11\client2d\binobj\damagefont.obj
d:\c++_client\maplestory_dx11\client2d\binobj\crimsonbalrog.obj
d:\c++_client\maplestory_dx11\client2d\binobj\bodyattack4hit.obj
d:\c++_client\maplestory_dx11\client2d\binobj\balroggate.obj
d:\c++_client\maplestory_dx11\client2d\binobj\balrogaltarthread.obj
d:\c++_client\maplestory_dx11\client2d\binobj\balrogaltar.obj
d:\c++_client\maplestory_dx11\client2d\binobj\anotherdoorthread.obj
d:\c++_client\maplestory_dx11\client2d\binobj\anotherdoor.obj
d:\c++_client\maplestory_dx11\client2d\binobj\tilemap.obj
d:\c++_client\maplestory_dx11\client2d\binobj\testmonster.obj
d:\c++_client\maplestory_dx11\client2d\binobj\taurospear.obj
d:\c++_client\maplestory_dx11\client2d\binobj\tauromacishiteffect.obj
d:\c++_client\maplestory_dx11\client2d\binobj\tauromacis.obj
d:\c++_client\maplestory_dx11\client2d\binobj\skillmanager.obj
d:\c++_client\maplestory_dx11\client2d\binobj\shadowdualblade.obj
d:\c++_client\maplestory_dx11\client2d\binobj\seolhui.obj
d:\c++_client\maplestory_dx11\client2d\binobj\rightattack3hit.obj
d:\c++_client\maplestory_dx11\client2d\binobj\rightattack2hit.obj
d:\c++_client\maplestory_dx11\client2d\binobj\rightattack1hit.obj
d:\c++_client\maplestory_dx11\client2d\binobj\rightattack1areawarning.obj
d:\c++_client\maplestory_dx11\client2d\binobj\potal.obj
d:\c++_client\maplestory_dx11\client2d\binobj\playermanager.obj
d:\c++_client\maplestory_dx11\client2d\binobj\playeranimation2d.obj
d:\c++_client\maplestory_dx11\client2d\binobj\damagewidget.obj
d:\c++_client\maplestory_dx11\client2d\binobj\clearfwidget.obj
d:\c++_client\maplestory_dx11\client2d\binobj\bossstatus.obj
d:\c++_client\maplestory_dx11\client2d\binobj\talkmanager.obj
d:\c++_client\maplestory_dx11\client2d\binobj\testscene.obj
d:\c++_client\maplestory_dx11\client2d\binobj\startscene.obj
d:\c++_client\maplestory_dx11\client2d\binobj\seolhuithread.obj
d:\c++_client\maplestory_dx11\client2d\binobj\seolhuibang.obj
d:\c++_client\maplestory_dx11\client2d\binobj\mainscene.obj
d:\c++_client\maplestory_dx11\client2d\binobj\loadingthread.obj
d:\c++_client\maplestory_dx11\client2d\binobj\loadingseolhui.obj
d:\c++_client\maplestory_dx11\client2d\binobj\loadingscene.obj
d:\c++_client\maplestory_dx11\client2d\binobj\loadingetotemple.obj
d:\c++_client\maplestory_dx11\client2d\binobj\loadingbalroggate.obj
d:\c++_client\maplestory_dx11\client2d\binobj\loadingbalrogaltar.obj
d:\c++_client\maplestory_dx11\client2d\binobj\loadinganotherdoor.obj
d:\c++_client\maplestory_dx11\client2d\binobj\etotemplethread.obj
d:\c++_client\maplestory_dx11\client2d\binobj\entrancetotemple.obj
d:\c++_client\maplestory_dx11\client2d\binobj\clearscene.obj
d:\c++_client\maplestory_dx11\client2d\binobj\balroggatethread.obj
d:\c++_client\maplestory_dx11\client2d\binobj\testwidget.obj
d:\c++_client\maplestory_dx11\client2d\binobj\talkwidget.obj
d:\c++_client\maplestory_dx11\client2d\binobj\startwidget.obj
d:\c++_client\maplestory_dx11\client2d\binobj\quesetwidget.obj
d:\c++_client\maplestory_dx11\client2d\binobj\playerstatus.obj
d:\c++_client\maplestory_dx11\client2d\binobj\fade.obj
d:\c++_client\maplestory_dx11\client2d\binobj\clearwidget.obj
d:\c++_client\maplestory_dx11\client2d\binobj\startscenethread.obj
d:\c++_client\maplestory_dx11\client2d\binobj\loadingstartscene.obj
d:\c++_client\maplestory_dx11\client2d\binobj\client2d.res
d:\c++_client\maplestory_dx11\client2d\binobj\maplestory_debug.ilk
d:\c++_client\maplestory_dx11\client2d\binobj\maplestory.ipdb
d:\c++_client\maplestory_dx11\client2d\binobj\maplestory.iobj
d:\c++_client\maplestory_dx11\client2d\binobj\../bin/maplestory.pdb
d:\c++_client\maplestory_dx11\client2d\binobj\client2d.tlog\cl.command.1.tlog
d:\c++_client\maplestory_dx11\client2d\binobj\client2d.tlog\cl.read.1.tlog
d:\c++_client\maplestory_dx11\client2d\binobj\client2d.tlog\cl.write.1.tlog
d:\c++_client\maplestory_dx11\client2d\binobj\client2d.tlog\link-cvtres.read.1.tlog
d:\c++_client\maplestory_dx11\client2d\binobj\client2d.tlog\link-cvtres.write.1.tlog
d:\c++_client\maplestory_dx11\client2d\binobj\client2d.tlog\link-rc.read.1.tlog
d:\c++_client\maplestory_dx11\client2d\binobj\client2d.tlog\link-rc.write.1.tlog
d:\c++_client\maplestory_dx11\client2d\binobj\client2d.tlog\link.command.1.tlog
d:\c++_client\maplestory_dx11\client2d\binobj\client2d.tlog\link.read.1.tlog
d:\c++_client\maplestory_dx11\client2d\binobj\client2d.tlog\link.write.1.tlog
d:\c++_client\maplestory_dx11\client2d\binobj\client2d.tlog\rc.command.1.tlog
d:\c++_client\maplestory_dx11\client2d\binobj\client2d.tlog\rc.read.1.tlog
d:\c++_client\maplestory_dx11\client2d\binobj\client2d.tlog\rc.write.1.tlog
