d:\c++_client\maplestory_dx11\data\binobj\vc142.pdb
d:\c++_client\maplestory_dx11\data\binobj\vc142.idb
d:\c++_client\maplestory_dx11\data\binobj\datawindowtable.obj
d:\c++_client\maplestory_dx11\data\binobj\datawindow.obj
d:\c++_client\maplestory_dx11\data\binobj\datamanager.obj
d:\c++_client\maplestory_dx11\data\binobj\defaultscene.obj
d:\c++_client\maplestory_dx11\data\binobj\main.obj
d:\c++_client\maplestory_dx11\data\bin\data_debug.exe
d:\c++_client\maplestory_dx11\data\binobj\data_debug.ilk
d:\c++_client\maplestory_dx11\data\bin\data_debug.pdb
d:\c++_client\maplestory_dx11\data\binobj\data.res
d:\c++_client\maplestory_dx11\data\binobj\data.ipdb
d:\c++_client\maplestory_dx11\data\binobj\data.iobj
d:\c++_client\maplestory_dx11\data\binobj\../bin/data_debug.pdb
d:\c++_client\maplestory_dx11\data\binobj\data.tlog\cl.command.1.tlog
d:\c++_client\maplestory_dx11\data\binobj\data.tlog\cl.read.1.tlog
d:\c++_client\maplestory_dx11\data\binobj\data.tlog\cl.write.1.tlog
d:\c++_client\maplestory_dx11\data\binobj\data.tlog\link.command.1.tlog
d:\c++_client\maplestory_dx11\data\binobj\data.tlog\link.read.1.tlog
d:\c++_client\maplestory_dx11\data\binobj\data.tlog\link.write.1.tlog
d:\c++_client\maplestory_dx11\data\binobj\data.tlog\rc.command.1.tlog
d:\c++_client\maplestory_dx11\data\binobj\data.tlog\rc.read.1.tlog
d:\c++_client\maplestory_dx11\data\binobj\data.tlog\rc.write.1.tlog
