  DataManager.cpp
  main.cpp
  DefaultScene.cpp
  DataWindow.cpp
  DataWindowTable.cpp
  코드를 생성하고 있습니다...
D:\C++_Client\MapleStory_DX11\Engine\Include\Engine.h(120): warning C4172: 지역 변수 또는 임시: wText의 주소를 반환하고 있습니다.
DirectXTex_Debug.lib(BC.obj) : warning LNK4099: 'DirectXTex.pdb' PDB를 'DirectXTex_Debug.lib(BC.obj)' 또는 'D:\C++_Client\MapleStory_DX11\Data\Bin\DirectXTex.pdb'에서 찾을 수 없습니다. 디버그 정보가 없는 것처럼 개체를 링크합니다.
DirectXTex_Debug.lib(BC4BC5.obj) : warning LNK4099: 'DirectXTex.pdb' PDB를 'DirectXTex_Debug.lib(BC4BC5.obj)' 또는 'D:\C++_Client\MapleStory_DX11\Data\Bin\DirectXTex.pdb'에서 찾을 수 없습니다. 디버그 정보가 없는 것처럼 개체를 링크합니다.
DirectXTex_Debug.lib(BC6HBC7.obj) : warning LNK4099: 'DirectXTex.pdb' PDB를 'DirectXTex_Debug.lib(BC6HBC7.obj)' 또는 'D:\C++_Client\MapleStory_DX11\Data\Bin\DirectXTex.pdb'에서 찾을 수 없습니다. 디버그 정보가 없는 것처럼 개체를 링크합니다.
DirectXTex_Debug.lib(DirectXTexCompress.obj) : warning LNK4099: 'DirectXTex.pdb' PDB를 'DirectXTex_Debug.lib(DirectXTexCompress.obj)' 또는 'D:\C++_Client\MapleStory_DX11\Data\Bin\DirectXTex.pdb'에서 찾을 수 없습니다. 디버그 정보가 없는 것처럼 개체를 링크합니다.
DirectXTex_Debug.lib(DirectXTexConvert.obj) : warning LNK4099: 'DirectXTex.pdb' PDB를 'DirectXTex_Debug.lib(DirectXTexConvert.obj)' 또는 'D:\C++_Client\MapleStory_DX11\Data\Bin\DirectXTex.pdb'에서 찾을 수 없습니다. 디버그 정보가 없는 것처럼 개체를 링크합니다.
DirectXTex_Debug.lib(DirectXTexD3D11.obj) : warning LNK4099: '' PDB를 'DirectXTex_Debug.lib(DirectXTexD3D11.obj)' 또는 ''에서 찾을 수 없습니다. 디버그 정보가 없는 것처럼 개체를 링크합니다.
DirectXTex_Debug.lib(DirectXTexDDS.obj) : warning LNK4099: 'DirectXTex.pdb' PDB를 'DirectXTex_Debug.lib(DirectXTexDDS.obj)' 또는 'D:\C++_Client\MapleStory_DX11\Data\Bin\DirectXTex.pdb'에서 찾을 수 없습니다. 디버그 정보가 없는 것처럼 개체를 링크합니다.
DirectXTex_Debug.lib(DirectXTexImage.obj) : warning LNK4099: 'DirectXTex.pdb' PDB를 'DirectXTex_Debug.lib(DirectXTexImage.obj)' 또는 'D:\C++_Client\MapleStory_DX11\Data\Bin\DirectXTex.pdb'에서 찾을 수 없습니다. 디버그 정보가 없는 것처럼 개체를 링크합니다.
DirectXTex_Debug.lib(DirectXTexMipMaps.obj) : warning LNK4099: 'DirectXTex.pdb' PDB를 'DirectXTex_Debug.lib(DirectXTexMipMaps.obj)' 또는 'D:\C++_Client\MapleStory_DX11\Data\Bin\DirectXTex.pdb'에서 찾을 수 없습니다. 디버그 정보가 없는 것처럼 개체를 링크합니다.
DirectXTex_Debug.lib(DirectXTexTGA.obj) : warning LNK4099: 'DirectXTex.pdb' PDB를 'DirectXTex_Debug.lib(DirectXTexTGA.obj)' 또는 'D:\C++_Client\MapleStory_DX11\Data\Bin\DirectXTex.pdb'에서 찾을 수 없습니다. 디버그 정보가 없는 것처럼 개체를 링크합니다.
DirectXTex_Debug.lib(DirectXTexUtil.obj) : warning LNK4099: 'DirectXTex.pdb' PDB를 'DirectXTex_Debug.lib(DirectXTexUtil.obj)' 또는 'D:\C++_Client\MapleStory_DX11\Data\Bin\DirectXTex.pdb'에서 찾을 수 없습니다. 디버그 정보가 없는 것처럼 개체를 링크합니다.
DirectXTex_Debug.lib(DirectXTexWIC.obj) : warning LNK4099: 'DirectXTex.pdb' PDB를 'DirectXTex_Debug.lib(DirectXTexWIC.obj)' 또는 'D:\C++_Client\MapleStory_DX11\Data\Bin\DirectXTex.pdb'에서 찾을 수 없습니다. 디버그 정보가 없는 것처럼 개체를 링크합니다.
  Data.vcxproj -> D:\C++_Client\MapleStory_DX11\Data\Bin\Data_Debug.exe
