h:\c++_client\maplestory_dx11\editor\binobj\vc142.pdb
h:\c++_client\maplestory_dx11\editor\binobj\tilemapwindow.obj
h:\c++_client\maplestory_dx11\editor\binobj\spritewindow.obj
h:\c++_client\maplestory_dx11\editor\binobj\objecthierarchy.obj
h:\c++_client\maplestory_dx11\editor\binobj\editormenu.obj
h:\c++_client\maplestory_dx11\editor\binobj\dragobjwindow.obj
h:\c++_client\maplestory_dx11\editor\binobj\detailwindow.obj
h:\c++_client\maplestory_dx11\editor\binobj\colliderbox2dwindow.obj
h:\c++_client\maplestory_dx11\editor\binobj\defaultscene.obj
h:\c++_client\maplestory_dx11\editor\binobj\spriteeditobject.obj
h:\c++_client\maplestory_dx11\editor\binobj\player2d.obj
h:\c++_client\maplestory_dx11\editor\binobj\dragobject.obj
h:\c++_client\maplestory_dx11\editor\binobj\cameraobject.obj
h:\c++_client\maplestory_dx11\editor\binobj\main.obj
h:\c++_client\maplestory_dx11\editor\binobj\editormanager.obj
d:\maplestory_dx11\editor\binobj\vc142.pdb
d:\maplestory_dx11\editor\binobj\vc142.idb
d:\maplestory_dx11\editor\binobj\main.obj
d:\maplestory_dx11\editor\binobj\tilemapwindow.obj
d:\maplestory_dx11\editor\binobj\spritewindow.obj
d:\maplestory_dx11\editor\binobj\objecthierarchy.obj
d:\maplestory_dx11\editor\binobj\editormenu.obj
d:\maplestory_dx11\editor\binobj\dragobjwindow.obj
d:\maplestory_dx11\editor\binobj\detailwindow.obj
d:\maplestory_dx11\editor\binobj\colliderbox2dwindow.obj
d:\maplestory_dx11\editor\binobj\defaultscene.obj
d:\maplestory_dx11\editor\binobj\spriteeditobject.obj
d:\maplestory_dx11\editor\binobj\dragobject.obj
d:\maplestory_dx11\editor\binobj\cameraobject.obj
d:\maplestory_dx11\editor\binobj\editormanager.obj
d:\maplestory_dx11\editor\binobj\player2d.obj
h:\c++_client\maplestory_dx11\editor\bin\editor.exe
h:\c++_client\maplestory_dx11\editor\binobj\editor.ipdb
h:\c++_client\maplestory_dx11\editor\binobj\editor.iobj
h:\c++_client\maplestory_dx11\editor\bin\editor.pdb
h:\c++_client\maplestory_dx11\editor\binobj\editor.res
d:\maplestory_dx11\editor\binobj\editor.res
d:\maplestory_dx11\editor\binobj\editor.ipdb
d:\maplestory_dx11\editor\binobj\editor.iobj
d:\maplestory_dx11\editor\binobj\../bin/editor_debug.pdb
d:\maplestory_dx11\editor\binobj\editor.tlog\cl.command.1.tlog
d:\maplestory_dx11\editor\binobj\editor.tlog\cl.read.1.tlog
d:\maplestory_dx11\editor\binobj\editor.tlog\cl.write.1.tlog
d:\maplestory_dx11\editor\binobj\editor.tlog\link.command.1.tlog
d:\maplestory_dx11\editor\binobj\editor.tlog\link.read.1.tlog
d:\maplestory_dx11\editor\binobj\editor.tlog\link.read.2.tlog
d:\maplestory_dx11\editor\binobj\editor.tlog\link.write.1.tlog
d:\maplestory_dx11\editor\binobj\editor.tlog\rc.command.1.tlog
d:\maplestory_dx11\editor\binobj\editor.tlog\rc.read.1.tlog
d:\maplestory_dx11\editor\binobj\editor.tlog\rc.write.1.tlog
