d:\maplestory_dx11\gameengine\bin\gameengine_debug.pdb
d:\maplestory_dx11\gameengine\bin\gameengine_debug.idb
d:\maplestory_dx11\gameengine\binobj\staticmeshcomponent.obj
d:\maplestory_dx11\gameengine\binobj\spritecomponent.obj
d:\maplestory_dx11\gameengine\binobj\scenecomponent.obj
d:\maplestory_dx11\gameengine\binobj\rigidbody.obj
d:\maplestory_dx11\gameengine\binobj\particlecomponent.obj
d:\maplestory_dx11\gameengine\binobj\paperburncomponent.obj
d:\maplestory_dx11\gameengine\binobj\objectcomponent.obj
d:\maplestory_dx11\gameengine\binobj\navagent.obj
d:\maplestory_dx11\gameengine\binobj\gravity.obj
d:\maplestory_dx11\gameengine\binobj\effectcomponent.obj
d:\maplestory_dx11\gameengine\binobj\component.obj
d:\maplestory_dx11\gameengine\binobj\colliderpixel.obj
d:\maplestory_dx11\gameengine\binobj\collidercomponent.obj
d:\maplestory_dx11\gameengine\binobj\collidercircle.obj
d:\maplestory_dx11\gameengine\binobj\colliderbox2d.obj
d:\maplestory_dx11\gameengine\binobj\cameracomponent.obj
d:\maplestory_dx11\gameengine\binobj\collisionmanager.obj
d:\maplestory_dx11\gameengine\binobj\collision.obj
d:\maplestory_dx11\gameengine\binobj\animationsequence2dinstance.obj
d:\maplestory_dx11\gameengine\binobj\animationsequence2ddata.obj
d:\maplestory_dx11\gameengine\binobj\imguimodal.obj
d:\maplestory_dx11\gameengine\binobj\imguimenubar.obj
d:\maplestory_dx11\gameengine\binobj\imguimanager.obj
d:\maplestory_dx11\gameengine\binobj\imguilistbox.obj
d:\maplestory_dx11\gameengine\binobj\imguilabel.obj
d:\maplestory_dx11\gameengine\binobj\imguiimage.obj
d:\maplestory_dx11\gameengine\binobj\imguigroup.obj
d:\maplestory_dx11\gameengine\binobj\imguicombobox.obj
d:\maplestory_dx11\gameengine\binobj\imguibutton.obj
d:\maplestory_dx11\gameengine\binobj\imgui.obj
d:\maplestory_dx11\gameengine\binobj\gameobject.obj
d:\maplestory_dx11\gameengine\binobj\excelmanager.obj
d:\maplestory_dx11\gameengine\binobj\excel.obj
d:\maplestory_dx11\gameengine\binobj\engine.obj
d:\maplestory_dx11\gameengine\binobj\device.obj
d:\maplestory_dx11\gameengine\binobj\data.obj
d:\maplestory_dx11\gameengine\binobj\widgetcomponent.obj
d:\maplestory_dx11\gameengine\binobj\transform.obj
d:\maplestory_dx11\gameengine\binobj\tilemapcomponent.obj
d:\maplestory_dx11\gameengine\binobj\tile.obj
d:\maplestory_dx11\gameengine\binobj\rendermanager.obj
d:\maplestory_dx11\gameengine\binobj\depthstencilstate.obj
d:\maplestory_dx11\gameengine\binobj\blendstate.obj
d:\maplestory_dx11\gameengine\binobj\ref.obj
d:\maplestory_dx11\gameengine\binobj\pathmanager.obj
d:\maplestory_dx11\gameengine\binobj\matrix.obj
d:\maplestory_dx11\gameengine\binobj\input.obj
d:\maplestory_dx11\gameengine\binobj\imgui_widgets.obj
d:\maplestory_dx11\gameengine\binobj\imgui_tables.obj
d:\maplestory_dx11\gameengine\binobj\imgui_impl_win32.obj
d:\maplestory_dx11\gameengine\binobj\imgui_impl_dx11.obj
d:\maplestory_dx11\gameengine\binobj\imgui_draw.obj
d:\maplestory_dx11\gameengine\binobj\imgui_demo.obj
d:\maplestory_dx11\gameengine\binobj\imguiwindow.obj
d:\maplestory_dx11\gameengine\binobj\imguiwidget.obj
d:\maplestory_dx11\gameengine\binobj\imguitextinput.obj
d:\maplestory_dx11\gameengine\binobj\imguitext.obj
d:\maplestory_dx11\gameengine\binobj\imguitestwindow.obj
d:\maplestory_dx11\gameengine\binobj\imguiseparator.obj
d:\maplestory_dx11\gameengine\binobj\imguisameline.obj
d:\maplestory_dx11\gameengine\binobj\computeshader.obj
d:\maplestory_dx11\gameengine\binobj\colormeshshader.obj
d:\maplestory_dx11\gameengine\binobj\collidershader.obj
d:\maplestory_dx11\gameengine\binobj\colliderpixelshader.obj
d:\maplestory_dx11\gameengine\binobj\colliderconstantbuffer.obj
d:\maplestory_dx11\gameengine\binobj\animation2dconstantbuffer.obj
d:\maplestory_dx11\gameengine\binobj\resourcemanager.obj
d:\maplestory_dx11\gameengine\binobj\particlemanager.obj
d:\maplestory_dx11\gameengine\binobj\particle.obj
d:\maplestory_dx11\gameengine\binobj\staticmesh.obj
d:\maplestory_dx11\gameengine\binobj\spritemesh.obj
d:\maplestory_dx11\gameengine\binobj\meshmanager.obj
d:\maplestory_dx11\gameengine\binobj\mesh.obj
d:\maplestory_dx11\gameengine\binobj\materialmanager.obj
d:\maplestory_dx11\gameengine\binobj\material.obj
d:\maplestory_dx11\gameengine\binobj\fontmanager.obj
d:\maplestory_dx11\gameengine\binobj\animationsequence2d.obj
d:\maplestory_dx11\gameengine\binobj\animationmanager.obj
d:\maplestory_dx11\gameengine\binobj\renderstatemanager.obj
d:\maplestory_dx11\gameengine\binobj\renderstate.obj
d:\maplestory_dx11\gameengine\binobj\tilemapshader.obj
d:\maplestory_dx11\gameengine\binobj\tilemapconstantbuffer.obj
d:\maplestory_dx11\gameengine\binobj\structuredbuffer.obj
d:\maplestory_dx11\gameengine\binobj\standard2dconstantbuffer.obj
d:\maplestory_dx11\gameengine\binobj\shadermanager.obj
d:\maplestory_dx11\gameengine\binobj\shader.obj
d:\maplestory_dx11\gameengine\binobj\progressbarshader.obj
d:\maplestory_dx11\gameengine\binobj\progressbarconstantbuffer.obj
d:\maplestory_dx11\gameengine\binobj\posmeshshader.obj
d:\maplestory_dx11\gameengine\binobj\particleupdateshader.obj
d:\maplestory_dx11\gameengine\binobj\particlerendershader.obj
d:\maplestory_dx11\gameengine\binobj\particleconstantbuffer.obj
d:\maplestory_dx11\gameengine\binobj\paperburnconstantbuffer.obj
d:\maplestory_dx11\gameengine\binobj\numbershader.obj
d:\maplestory_dx11\gameengine\binobj\mesh2dshader.obj
d:\maplestory_dx11\gameengine\binobj\materialconstantbuffer.obj
d:\maplestory_dx11\gameengine\binobj\graphicshader.obj
d:\maplestory_dx11\gameengine\binobj\globalconstantbuffer.obj
d:\maplestory_dx11\gameengine\binobj\constantbufferbase.obj
d:\maplestory_dx11\gameengine\binobj\constantbuffer.obj
d:\maplestory_dx11\gameengine\binobj\timer.obj
d:\maplestory_dx11\gameengine\binobj\thread.obj
d:\maplestory_dx11\gameengine\binobj\viewport.obj
d:\maplestory_dx11\gameengine\binobj\sceneresource.obj
d:\maplestory_dx11\gameengine\binobj\scenemode.obj
d:\maplestory_dx11\gameengine\binobj\scenemanager.obj
d:\maplestory_dx11\gameengine\binobj\scenecollision.obj
d:\maplestory_dx11\gameengine\binobj\scene.obj
d:\maplestory_dx11\gameengine\binobj\navigationthread.obj
d:\maplestory_dx11\gameengine\binobj\navigationmanager.obj
d:\maplestory_dx11\gameengine\binobj\navigation.obj
d:\maplestory_dx11\gameengine\binobj\collisionsection.obj
d:\maplestory_dx11\gameengine\binobj\cameramanager.obj
d:\maplestory_dx11\gameengine\binobj\texturemanager.obj
d:\maplestory_dx11\gameengine\binobj\texture.obj
d:\maplestory_dx11\gameengine\binobj\soundmanager.obj
d:\maplestory_dx11\gameengine\binobj\sound.obj
d:\maplestory_dx11\gameengine\binobj\widgetshader.obj
d:\maplestory_dx11\gameengine\binobj\widgetconstantbuffer.obj
d:\maplestory_dx11\gameengine\binobj\transformconstantbuffer.obj
d:\maplestory_dx11\gameengine\binobj\widgetwindow.obj
d:\maplestory_dx11\gameengine\binobj\widget.obj
d:\maplestory_dx11\gameengine\binobj\text.obj
d:\maplestory_dx11\gameengine\binobj\progressbar.obj
d:\maplestory_dx11\gameengine\binobj\number.obj
d:\maplestory_dx11\gameengine\binobj\image.obj
d:\maplestory_dx11\gameengine\binobj\button.obj
d:\maplestory_dx11\gameengine\binobj\vector4.obj
d:\maplestory_dx11\gameengine\binobj\vector3.obj
d:\maplestory_dx11\gameengine\binobj\vector2.obj
d:\maplestory_dx11\gameengine\binobj\imguitreenode.obj
d:\maplestory_dx11\gameengine\binobj\imguiradio.obj
d:\maplestory_dx11\gameengine\binobj\imguicheckbox.obj
d:\maplestory_dx11\gameengine\bin\collider.cso
d:\maplestory_dx11\gameengine\bin\colormesh.cso
d:\maplestory_dx11\gameengine\bin\mesh2d.cso
d:\maplestory_dx11\gameengine\bin\particle.cso
d:\maplestory_dx11\gameengine\bin\tilemap.cso
d:\maplestory_dx11\gameengine\bin\widget.cso
d:\maplestory_dx11\gameengine\bin\gameengine_debug.lib
d:\maplestory_dx11\gameengine\binobj\gameengine.res
d:\maplestory_dx11\gameengine\binobj\../bin/gameengine_debug.pdb
d:\maplestory_dx11\gameengine\binobj\gameengine.tlog\cl.command.1.tlog
d:\maplestory_dx11\gameengine\binobj\gameengine.tlog\cl.read.1.tlog
d:\maplestory_dx11\gameengine\binobj\gameengine.tlog\cl.write.1.tlog
d:\maplestory_dx11\gameengine\binobj\gameengine.tlog\fxc.command.1.tlog
d:\maplestory_dx11\gameengine\binobj\gameengine.tlog\fxc.read.1.tlog
d:\maplestory_dx11\gameengine\binobj\gameengine.tlog\fxc.write.1.tlog
d:\maplestory_dx11\gameengine\binobj\gameengine.tlog\lib-link-cvtres.read.1.tlog
d:\maplestory_dx11\gameengine\binobj\gameengine.tlog\lib-link-cvtres.write.1.tlog
d:\maplestory_dx11\gameengine\binobj\gameengine.tlog\lib.command.1.tlog
d:\maplestory_dx11\gameengine\binobj\gameengine.tlog\rc.command.1.tlog
d:\maplestory_dx11\gameengine\binobj\gameengine.tlog\rc.read.1.tlog
d:\maplestory_dx11\gameengine\binobj\gameengine.tlog\rc.write.1.tlog
