FXC : warning X4717: Effects deprecated for D3DCompiler_47
  
  compilation object save succeeded; see D:\C++_Client\MapleStory_DX11\GameEngine\BIn\Collider.cso
FXC : warning X4717: Effects deprecated for D3DCompiler_47
  
  compilation object save succeeded; see D:\C++_Client\MapleStory_DX11\GameEngine\BIn\ColorMesh.cso
FXC : warning X4717: Effects deprecated for D3DCompiler_47
  
  compilation object save succeeded; see D:\C++_Client\MapleStory_DX11\GameEngine\BIn\Mesh2D.cso
FXC : warning X4717: Effects deprecated for D3DCompiler_47
  
  compilation object save succeeded; see D:\C++_Client\MapleStory_DX11\GameEngine\BIn\Particle.cso
FXC : warning X4717: Effects deprecated for D3DCompiler_47
  
  compilation object save succeeded; see D:\C++_Client\MapleStory_DX11\GameEngine\BIn\TileMap.cso
FXC : warning X4717: Effects deprecated for D3DCompiler_47
  
  compilation object save succeeded; see D:\C++_Client\MapleStory_DX11\GameEngine\BIn\Widget.cso
  AnimationSequence2DInstance.cpp
  CameraComponent.cpp
  ColliderBox2D.cpp
  ColliderCircle.cpp
  ColliderComponent.cpp
  ColliderPixel.cpp
  EffectComponent.cpp
  NavAgent.cpp
  PaperBurnComponent.cpp
  ParticleComponent.cpp
  SceneComponent.cpp
  SpriteComponent.cpp
  StaticMeshComponent.cpp
  Tile.cpp
  TileMapComponent.cpp
  Transform.cpp
  WidgetComponent.cpp
  Engine.cpp
  GameObject.cpp
  IMGUIImage.cpp
  코드를 생성하고 있습니다...
  컴파일하고 있습니다...
  Input.cpp
  RenderManager.cpp
  AnimationSequence2D.cpp
  Material.cpp
  MaterialManager.cpp
  Particle.cpp
  ParticleManager.cpp
  ResourceManager.cpp
  ColliderPixelShader.cpp
  ColliderShader.cpp
  ColorMeshShader.cpp
  ConstantBufferBase.cpp
  GraphicShader.cpp
  Mesh2DShader.cpp
  NumberShader.cpp
  ParticleRenderShader.cpp
  PosMeshShader.cpp
  ProgressBarShader.cpp
  ShaderManager.cpp
  TileMapShader.cpp
  코드를 생성하고 있습니다...
  컴파일하고 있습니다...
  WidgetShader.cpp
  Navigation.cpp
  NavigationManager.cpp
  NavigationThread.cpp
  Scene.cpp
  SceneCollision.cpp
  SceneManager.cpp
  SceneResource.cpp
  Button.cpp
  Image.cpp
  Number.cpp
  ProgressBar.cpp
  Text.cpp
  Widget.cpp
  WidgetWindow.cpp
  코드를 생성하고 있습니다...
  GameEngine.vcxproj -> D:\C++_Client\MapleStory_DX11\GameEngine\BIn\GameEngine_Debug.lib
  .\GameEngine\Bin\GameEngine_Debug.idb
  .\GameEngine\Bin\GameEngine_Debug.lib
  .\GameEngine\Bin\GameEngine_Debug.pdb
  .\GameEngine\Bin\Shader\ShaderInfo.fx
  4개 파일이 복사되었습니다.
  .\GameEngine\Bin\GameEngine_Debug.idb
  .\GameEngine\Bin\GameEngine_Debug.lib
  .\GameEngine\Bin\GameEngine_Debug.pdb
  .\GameEngine\Bin\Shader\ShaderInfo.fx
  4개 파일이 복사되었습니다.
  .\GameEngine\Bin\GameEngine_Debug.idb
  .\GameEngine\Bin\GameEngine_Debug.lib
  .\GameEngine\Bin\GameEngine_Debug.pdb
  .\GameEngine\Bin\Shader\ShaderInfo.fx
  4개 파일이 복사되었습니다.
  .\GameEngine\Bin\GameEngine_Debug.idb
  .\GameEngine\Bin\GameEngine_Debug.lib
  .\GameEngine\Bin\GameEngine_Debug.pdb
  .\GameEngine\Bin\Shader\ShaderInfo.fx
  4개 파일이 복사되었습니다.
  .\GameEngine\Include\Resource\Shader\GraphicShader.h
  1개 파일이 복사되었습니다.
  파일을 찾을 수 없습니다-*.inl
  0개 파일이 복사되었습니다.
  0개 파일이 복사되었습니다.
